<?xml version="1.0" encoding="UTF-8"?>
<testng-results skipped="0" failed="0" ignored="0" total="1" passed="1">
  <reporter-output>
  </reporter-output>
  <suite name="Default suite" duration-ms="46320" started-at="2019-07-08T04:14:54Z" finished-at="2019-07-08T04:15:40Z">
    <groups>
    </groups>
    <test name="Default test" duration-ms="46320" started-at="2019-07-08T04:14:54Z" finished-at="2019-07-08T04:15:40Z">
      <class name="tests.LoginPageTest">
        <test-method status="PASS" signature="initializeDriver()[pri:0, instance:tests.LoginPageTest@7c16905e]" name="initializeDriver" is-config="true" duration-ms="38841" started-at="2019-07-08T04:14:54Z" finished-at="2019-07-08T04:15:33Z">
          <reporter-output>
          </reporter-output>
        </test-method> <!-- initializeDriver -->
        <test-method status="PASS" signature="loginTest()[pri:0, instance:tests.LoginPageTest@7c16905e]" name="loginTest" duration-ms="4652" started-at="2019-07-08T04:15:33Z" finished-at="2019-07-08T04:15:38Z">
          <reporter-output>
          </reporter-output>
        </test-method> <!-- loginTest -->
        <test-method status="PASS" signature="closeApplication()[pri:0, instance:tests.LoginPageTest@7c16905e]" name="closeApplication" is-config="true" duration-ms="2491" started-at="2019-07-08T04:15:38Z" finished-at="2019-07-08T04:15:40Z">
          <reporter-output>
          </reporter-output>
        </test-method> <!-- closeApplication -->
      </class> <!-- tests.LoginPageTest -->
    </test> <!-- Default test -->
  </suite> <!-- Default suite -->
</testng-results>
